<?xml version="1.0" encoding="UTF-8"?>
<!-- Generated by org.testng.reporters.JUnitReportReporter -->
<testsuite hostname="EIL-SW-330-54" name="groupTestNG.NewTest" tests="1" failures="0" timestamp="29 Sep 2014 13:51:38 GMT" time="52.174" errors="0">
  <testcase name="firstTest" time="52.174" classname="groupTestNG.NewTest"/>
</testsuite> <!-- groupTestNG.NewTest -->
